0 verbose cli C:\Program Files\nodejs\node.exe C:\Users\English\AppData\Roaming\npm\node_modules\npm\bin\npm-cli.js
1 info using npm@11.10.0
2 info using node@v22.18.0
3 silly config load:file:C:\Users\English\AppData\Roaming\npm\node_modules\npm\npmrc
4 silly config load:file:C:\Users\English\CascadeProjects\real-matboss\static-sites\.npmrc
5 silly config load:file:C:\Users\English\.npmrc
6 silly config load:file:C:\Users\English\AppData\Roaming\npm\etc\npmrc
7 verbose title npm install
8 verbose argv "install" "--cache" ".npm-cache"
9 verbose logfile logs-max:10 dir:C:\Users\English\CascadeProjects\real-matboss\static-sites\.npm-cache\_logs\2026-02-18T09_49_27_680Z-
10 verbose logfile C:\Users\English\CascadeProjects\real-matboss\static-sites\.npm-cache\_logs\2026-02-18T09_49_27_680Z-debug-0.log
11 silly logfile done cleaning log files
12 silly packumentCache heap:2197815296 maxSize:549453824 maxEntrySize:274726912
13 silly idealTree buildDeps
14 silly fetch manifest @vitest/coverage-v8@^2.1.3
15 silly packumentCache full:https://registry.npmjs.org/@vitest%2fcoverage-v8 cache-miss
16 http fetch GET https://registry.npmjs.org/@vitest%2fcoverage-v8 attempt 1 failed with EACCES
17 http fetch GET https://registry.npmjs.org/npm attempt 1 failed with EACCES
18 http fetch GET https://registry.npmjs.org/@vitest%2fcoverage-v8 attempt 2 failed with EACCES
19 http fetch GET https://registry.npmjs.org/npm attempt 2 failed with EACCES
20 http fetch GET https://registry.npmjs.org/@vitest%2fcoverage-v8 attempt 3 failed with EACCES
21 silly fetch manifest axe-core@^4.10.3
22 silly packumentCache full:https://registry.npmjs.org/axe-core cache-miss
23 http fetch GET https://registry.npmjs.org/npm attempt 3 failed with EACCES
24 http fetch GET https://registry.npmjs.org/axe-core attempt 1 failed with EACCES
25 http fetch GET https://registry.npmjs.org/axe-core attempt 2 failed with EACCES
26 http fetch GET https://registry.npmjs.org/axe-core attempt 3 failed with EACCES
27 silly fetch manifest jsdom@^24.1.3
28 silly packumentCache full:https://registry.npmjs.org/jsdom cache-miss
29 http fetch GET https://registry.npmjs.org/jsdom attempt 1 failed with EACCES
30 http fetch GET https://registry.npmjs.org/jsdom attempt 2 failed with EACCES
31 http fetch GET https://registry.npmjs.org/jsdom attempt 3 failed with EACCES
32 silly fetch manifest vitest@^2.1.3
33 silly packumentCache full:https://registry.npmjs.org/vitest cache-miss
34 http fetch GET https://registry.npmjs.org/vitest attempt 1 failed with EACCES
35 http fetch GET https://registry.npmjs.org/vitest attempt 2 failed with EACCES
36 http fetch GET https://registry.npmjs.org/vitest attempt 3 failed with EACCES
37 silly placeDep ROOT @vitest/coverage-v8@ OK for: static-sites@0.1.0 want: ^2.1.3
38 silly placeDep ROOT axe-core@ OK for: static-sites@0.1.0 want: ^4.10.3
39 silly placeDep ROOT jsdom@ OK for: static-sites@0.1.0 want: ^24.1.3
40 silly placeDep ROOT vitest@ OK for: static-sites@0.1.0 want: ^2.1.3
41 verbose type system
42 verbose stack FetchError: request to https://registry.npmjs.org/@vitest%2fcoverage-v8 failed, reason: 
42 verbose stack     at ClientRequest.<anonymous> (C:\Users\English\AppData\Roaming\npm\node_modules\npm\node_modules\minipass-fetch\lib\index.js:130:14)
42 verbose stack     at ClientRequest.emit (node:events:518:28)
42 verbose stack     at emitErrorEvent (node:_http_client:104:11)
42 verbose stack     at _destroy (node:_http_client:898:9)
42 verbose stack     at onSocketNT (node:_http_client:918:5)
42 verbose stack     at process.processTicksAndRejections (node:internal/process/task_queues:91:21)
43 error code EACCES
44 error errno EACCES
45 error FetchError: request to https://registry.npmjs.org/@vitest%2fcoverage-v8 failed, reason: 
45 error     at ClientRequest.<anonymous> (C:\Users\English\AppData\Roaming\npm\node_modules\npm\node_modules\minipass-fetch\lib\index.js:130:14)
45 error     at ClientRequest.emit (node:events:518:28)
45 error     at emitErrorEvent (node:_http_client:104:11)
45 error     at _destroy (node:_http_client:898:9)
45 error     at onSocketNT (node:_http_client:918:5)
45 error     at process.processTicksAndRejections (node:internal/process/task_queues:91:21) {
45 error   code: 'EACCES',
45 error   errno: 'EACCES',
45 error   type: 'system',
45 error   requiredBy: '.'
45 error }
46 error
46 error The operation was rejected by your operating system.
46 error It's possible that the file was already in use (by a text editor or antivirus),
46 error or that you lack permissions to access it.
46 error
46 error If you believe this might be a permissions issue, please double-check the
46 error permissions of the file and its containing directories, or try running
46 error the command again as root/Administrator.
47 silly unfinished npm timer reify 1771408168452
48 silly unfinished npm timer reify:loadTrees 1771408168454
49 verbose cwd C:\Users\English\CascadeProjects\real-matboss\static-sites
50 verbose os Windows_NT 10.0.26100
51 verbose node v22.18.0
52 verbose npm  v11.10.0
53 verbose exit 1
54 verbose code 1
55 error A complete log of this run can be found in: C:\Users\English\CascadeProjects\real-matboss\static-sites\.npm-cache\_logs\2026-02-18T09_49_27_680Z-debug-0.log
